<?xml version="1.0" encoding="UTF-8"?>
<coverage generated="1681993654532" clover="3.2.0">
  <project timestamp="1681993654533" name="All files">
    <metrics statements="235" coveredstatements="171" conditionals="73" coveredconditionals="40" methods="72" coveredmethods="54" elements="380" coveredelements="265" complexity="0" loc="235" ncloc="235" packages="19" files="19" classes="19"/>
    <package name="src">
      <metrics statements="1" coveredstatements="1" conditionals="0" coveredconditionals="0" methods="1" coveredmethods="1"/>
      <file name="App.js" path="C:\Users\841748\Projects\plain-ui-react-course\vikz-clothing-shop\src\App.js">
        <metrics statements="1" coveredstatements="1" conditionals="0" coveredconditionals="0" methods="1" coveredmethods="1"/>
        <line num="8" count="3" type="stmt"/>
      </file>
    </package>
    <package name="src.components.Footer">
      <metrics statements="4" coveredstatements="4" conditionals="0" coveredconditionals="0" methods="1" coveredmethods="1"/>
      <file name="Footer.js" path="C:\Users\841748\Projects\plain-ui-react-course\vikz-clothing-shop\src\components\Footer\Footer.js">
        <metrics statements="4" coveredstatements="4" conditionals="0" coveredconditionals="0" methods="1" coveredmethods="1"/>
        <line num="11" count="2" type="stmt"/>
        <line num="12" count="1" type="stmt"/>
        <line num="13" count="1" type="stmt"/>
        <line num="15" count="1" type="stmt"/>
      </file>
    </package>
    <package name="src.components.Header">
      <metrics statements="2" coveredstatements="2" conditionals="0" coveredconditionals="0" methods="1" coveredmethods="1"/>
      <file name="Header.js" path="C:\Users\841748\Projects\plain-ui-react-course\vikz-clothing-shop\src\components\Header\Header.js">
        <metrics statements="2" coveredstatements="2" conditionals="0" coveredconditionals="0" methods="1" coveredmethods="1"/>
        <line num="8" count="2" type="stmt"/>
        <line num="9" count="2" type="stmt"/>
      </file>
    </package>
    <package name="src.components.HelmetSetup">
      <metrics statements="3" coveredstatements="3" conditionals="0" coveredconditionals="0" methods="1" coveredmethods="1"/>
      <file name="HelmetSetup.js" path="C:\Users\841748\Projects\plain-ui-react-course\vikz-clothing-shop\src\components\HelmetSetup\HelmetSetup.js">
        <metrics statements="3" coveredstatements="3" conditionals="0" coveredconditionals="0" methods="1" coveredmethods="1"/>
        <line num="6" count="9" type="stmt"/>
        <line num="7" count="12" type="stmt"/>
        <line num="18" count="9" type="stmt"/>
      </file>
    </package>
    <package name="src.components.MenuList">
      <metrics statements="4" coveredstatements="4" conditionals="0" coveredconditionals="0" methods="2" coveredmethods="2"/>
      <file name="MenuList.js" path="C:\Users\841748\Projects\plain-ui-react-course\vikz-clothing-shop\src\components\MenuList\MenuList.js">
        <metrics statements="4" coveredstatements="4" conditionals="0" coveredconditionals="0" methods="2" coveredmethods="2"/>
        <line num="5" count="4" type="stmt"/>
        <line num="6" count="4" type="stmt"/>
        <line num="29" count="4" type="stmt"/>
        <line num="33" count="16" type="stmt"/>
      </file>
    </package>
    <package name="src.components.MenuList.MenuItem">
      <metrics statements="3" coveredstatements="3" conditionals="0" coveredconditionals="0" methods="1" coveredmethods="1"/>
      <file name="MenuItem.js" path="C:\Users\841748\Projects\plain-ui-react-course\vikz-clothing-shop\src\components\MenuList\MenuItem\MenuItem.js">
        <metrics statements="3" coveredstatements="3" conditionals="0" coveredconditionals="0" methods="1" coveredmethods="1"/>
        <line num="6" count="5" type="stmt"/>
        <line num="7" count="20" type="stmt"/>
        <line num="17" count="5" type="stmt"/>
      </file>
    </package>
    <package name="src.components.Product">
      <metrics statements="4" coveredstatements="4" conditionals="0" coveredconditionals="0" methods="1" coveredmethods="1"/>
      <file name="Product.js" path="C:\Users\841748\Projects\plain-ui-react-course\vikz-clothing-shop\src\components\Product\Product.js">
        <metrics statements="4" coveredstatements="4" conditionals="0" coveredconditionals="0" methods="1" coveredmethods="1"/>
        <line num="6" count="5" type="stmt"/>
        <line num="8" count="22" type="stmt"/>
        <line num="10" count="22" type="stmt"/>
        <line num="32" count="5" type="stmt"/>
      </file>
    </package>
    <package name="src.components.shared.ErrorPage">
      <metrics statements="2" coveredstatements="2" conditionals="0" coveredconditionals="0" methods="1" coveredmethods="1"/>
      <file name="PageNotFound.js" path="C:\Users\841748\Projects\plain-ui-react-course\vikz-clothing-shop\src\components\shared\ErrorPage\PageNotFound.js">
        <metrics statements="2" coveredstatements="2" conditionals="0" coveredconditionals="0" methods="1" coveredmethods="1"/>
        <line num="6" count="3" type="stmt"/>
        <line num="7" count="1" type="stmt"/>
      </file>
    </package>
    <package name="src.containers.shared.ErrorBoundary">
      <metrics statements="9" coveredstatements="9" conditionals="2" coveredconditionals="2" methods="3" coveredmethods="3"/>
      <file name="ErrorBoundary.js" path="C:\Users\841748\Projects\plain-ui-react-course\vikz-clothing-shop\src\containers\shared\ErrorBoundary\ErrorBoundary.js">
        <metrics statements="9" coveredstatements="9" conditionals="2" coveredconditionals="2" methods="3" coveredmethods="3"/>
        <line num="5" count="2" type="stmt"/>
        <line num="10" count="2" type="stmt"/>
        <line num="11" count="2" type="stmt"/>
        <line num="17" count="1" type="stmt"/>
        <line num="18" count="1" type="stmt"/>
        <line num="22" count="4" type="cond" truecount="2" falsecount="0"/>
        <line num="23" count="2" type="stmt"/>
        <line num="30" count="2" type="stmt"/>
        <line num="35" count="1" type="stmt"/>
      </file>
    </package>
    <package name="src.pages.AboutUsPage">
      <metrics statements="2" coveredstatements="2" conditionals="0" coveredconditionals="0" methods="1" coveredmethods="1"/>
      <file name="AboutUsPage.js" path="C:\Users\841748\Projects\plain-ui-react-course\vikz-clothing-shop\src\pages\AboutUsPage\AboutUsPage.js">
        <metrics statements="2" coveredstatements="2" conditionals="0" coveredconditionals="0" methods="1" coveredmethods="1"/>
        <line num="6" count="2" type="stmt"/>
        <line num="7" count="2" type="stmt"/>
      </file>
    </package>
    <package name="src.pages.AboutUsPage.History">
      <metrics statements="2" coveredstatements="2" conditionals="0" coveredconditionals="0" methods="1" coveredmethods="1"/>
      <file name="History.js" path="C:\Users\841748\Projects\plain-ui-react-course\vikz-clothing-shop\src\pages\AboutUsPage\History\History.js">
        <metrics statements="2" coveredstatements="2" conditionals="0" coveredconditionals="0" methods="1" coveredmethods="1"/>
        <line num="3" count="3" type="stmt"/>
        <line num="4" count="1" type="stmt"/>
      </file>
    </package>
    <package name="src.pages.ContactUsPage">
      <metrics statements="20" coveredstatements="18" conditionals="6" coveredconditionals="5" methods="5" coveredmethods="5"/>
      <file name="ContactUsPage.js" path="C:\Users\841748\Projects\plain-ui-react-course\vikz-clothing-shop\src\pages\ContactUsPage\ContactUsPage.js">
        <metrics statements="20" coveredstatements="18" conditionals="6" coveredconditionals="5" methods="5" coveredmethods="5"/>
        <line num="10" count="2" type="stmt"/>
        <line num="12" count="4" type="stmt"/>
        <line num="13" count="4" type="stmt"/>
        <line num="14" count="4" type="stmt"/>
        <line num="17" count="4" type="stmt"/>
        <line num="19" count="2" type="stmt"/>
        <line num="21" count="1" type="cond" truecount="1" falsecount="1"/>
        <line num="22" count="1" type="stmt"/>
        <line num="23" count="1" type="stmt"/>
        <line num="24" count="1" type="stmt"/>
        <line num="26" count="0" type="stmt"/>
        <line num="27" count="0" type="stmt"/>
        <line num="31" count="1" type="stmt"/>
        <line num="32" count="1" type="stmt"/>
        <line num="35" count="2" type="stmt"/>
        <line num="40" count="4" type="cond" truecount="2" falsecount="0"/>
        <line num="41" count="2" type="stmt"/>
        <line num="45" count="2" type="cond" truecount="2" falsecount="0"/>
        <line num="46" count="1" type="stmt"/>
        <line num="49" count="1" type="stmt"/>
      </file>
    </package>
    <package name="src.pages.ContactUsPage.ContactUsForm">
      <metrics statements="28" coveredstatements="11" conditionals="18" coveredconditionals="8" methods="7" coveredmethods="2"/>
      <file name="ContactUsForm.js" path="C:\Users\841748\Projects\plain-ui-react-course\vikz-clothing-shop\src\pages\ContactUsPage\ContactUsForm\ContactUsForm.js">
        <metrics statements="28" coveredstatements="11" conditionals="18" coveredconditionals="8" methods="7" coveredmethods="2"/>
        <line num="5" count="3" type="stmt"/>
        <line num="12" count="7" type="stmt"/>
        <line num="14" count="7" type="stmt"/>
        <line num="15" count="7" type="stmt"/>
        <line num="16" count="7" type="stmt"/>
        <line num="18" count="7" type="stmt"/>
        <line num="20" count="2" type="cond" truecount="1" falsecount="1"/>
        <line num="21" count="2" type="stmt"/>
        <line num="23" count="0" type="cond" truecount="0" falsecount="2"/>
        <line num="24" count="0" type="stmt"/>
        <line num="25" count="0" type="stmt"/>
        <line num="26" count="0" type="stmt"/>
        <line num="27" count="0" type="stmt"/>
        <line num="28" count="0" type="stmt"/>
        <line num="30" count="0" type="stmt"/>
        <line num="32" count="0" type="stmt"/>
        <line num="33" count="0" type="stmt"/>
        <line num="37" count="0" type="stmt"/>
        <line num="38" count="0" type="stmt"/>
        <line num="39" count="0" type="stmt"/>
        <line num="40" count="0" type="stmt"/>
        <line num="44" count="0" type="stmt"/>
        <line num="46" count="0" type="stmt"/>
        <line num="55" count="7" type="cond" truecount="1" falsecount="1"/>
        <line num="56" count="0" type="stmt"/>
        <line num="60" count="7" type="cond" truecount="1" falsecount="1"/>
        <line num="61" count="0" type="stmt"/>
        <line num="64" count="7" type="stmt"/>
      </file>
    </package>
    <package name="src.pages.HomePage">
      <metrics statements="22" coveredstatements="17" conditionals="6" coveredconditionals="4" methods="7" coveredmethods="6"/>
      <file name="HomePage.js" path="C:\Users\841748\Projects\plain-ui-react-course\vikz-clothing-shop\src\pages\HomePage\HomePage.js">
        <metrics statements="22" coveredstatements="17" conditionals="6" coveredconditionals="4" methods="7" coveredmethods="6"/>
        <line num="11" count="2" type="stmt"/>
        <line num="13" count="10" type="stmt"/>
        <line num="14" count="10" type="stmt"/>
        <line num="15" count="10" type="stmt"/>
        <line num="16" count="10" type="stmt"/>
        <line num="43" count="10" type="stmt"/>
        <line num="45" count="5" type="stmt"/>
        <line num="50" count="5" type="cond" truecount="1" falsecount="1"/>
        <line num="51" count="5" type="stmt"/>
        <line num="52" count="5" type="stmt"/>
        <line num="54" count="0" type="stmt"/>
        <line num="55" count="0" type="stmt"/>
        <line num="59" count="0" type="stmt"/>
        <line num="60" count="0" type="stmt"/>
        <line num="63" count="5" type="stmt"/>
        <line num="68" count="10" type="cond" truecount="2" falsecount="0"/>
        <line num="69" count="5" type="stmt"/>
        <line num="73" count="5" type="cond" truecount="1" falsecount="1"/>
        <line num="74" count="0" type="stmt"/>
        <line num="77" count="5" type="stmt"/>
        <line num="85" count="15" type="stmt"/>
        <line num="99" count="15" type="stmt"/>
      </file>
    </package>
    <package name="src.pages.HomePage.Carousel">
      <metrics statements="4" coveredstatements="4" conditionals="0" coveredconditionals="0" methods="2" coveredmethods="2"/>
      <file name="Carousel.js" path="C:\Users\841748\Projects\plain-ui-react-course\vikz-clothing-shop\src\pages\HomePage\Carousel\Carousel.js">
        <metrics statements="4" coveredstatements="4" conditionals="0" coveredconditionals="0" methods="2" coveredmethods="2"/>
        <line num="4" count="3" type="stmt"/>
        <line num="6" count="6" type="stmt"/>
        <line num="27" count="6" type="stmt"/>
        <line num="55" count="18" type="stmt"/>
      </file>
    </package>
    <package name="src.pages.HomePage.Carousel.CarouselItem">
      <metrics statements="3" coveredstatements="3" conditionals="0" coveredconditionals="0" methods="1" coveredmethods="1"/>
      <file name="CarouselItem.js" path="C:\Users\841748\Projects\plain-ui-react-course\vikz-clothing-shop\src\pages\HomePage\Carousel\CarouselItem\CarouselItem.js">
        <metrics statements="3" coveredstatements="3" conditionals="0" coveredconditionals="0" methods="1" coveredmethods="1"/>
        <line num="7" count="4" type="stmt"/>
        <line num="8" count="23" type="stmt"/>
        <line num="24" count="4" type="stmt"/>
      </file>
    </package>
    <package name="src.pages.ProductDetailsPage">
      <metrics statements="48" coveredstatements="24" conditionals="18" coveredconditionals="9" methods="14" coveredmethods="5"/>
      <file name="ProductDetailsPage.js" path="C:\Users\841748\Projects\plain-ui-react-course\vikz-clothing-shop\src\pages\ProductDetailsPage\ProductDetailsPage.js">
        <metrics statements="48" coveredstatements="24" conditionals="18" coveredconditionals="9" methods="14" coveredmethods="5"/>
        <line num="10" count="3" type="stmt"/>
        <line num="11" count="4" type="stmt"/>
        <line num="13" count="4" type="stmt"/>
        <line num="14" count="4" type="stmt"/>
        <line num="15" count="4" type="stmt"/>
        <line num="16" count="4" type="stmt"/>
        <line num="17" count="4" type="stmt"/>
        <line num="18" count="4" type="stmt"/>
        <line num="21" count="4" type="stmt"/>
        <line num="23" count="4" type="stmt"/>
        <line num="25" count="2" type="stmt"/>
        <line num="27" count="1" type="cond" truecount="1" falsecount="1"/>
        <line num="28" count="1" type="stmt"/>
        <line num="29" count="1" type="stmt"/>
        <line num="31" count="0" type="stmt"/>
        <line num="32" count="0" type="stmt"/>
        <line num="36" count="1" type="stmt"/>
        <line num="37" count="1" type="stmt"/>
        <line num="40" count="2" type="stmt"/>
        <line num="45" count="4" type="stmt"/>
        <line num="46" count="0" type="stmt"/>
        <line num="49" count="4" type="stmt"/>
        <line num="50" count="0" type="stmt"/>
        <line num="52" count="0" type="stmt"/>
        <line num="54" count="0" type="stmt"/>
        <line num="56" count="0" type="cond" truecount="0" falsecount="2"/>
        <line num="57" count="0" type="stmt"/>
        <line num="58" count="0" type="stmt"/>
        <line num="60" count="0" type="cond" truecount="0" falsecount="2"/>
        <line num="61" count="0" type="stmt"/>
        <line num="62" count="0" type="stmt"/>
        <line num="63" count="0" type="stmt"/>
        <line num="64" count="0" type="stmt"/>
        <line num="67" count="0" type="stmt"/>
        <line num="68" count="0" type="stmt"/>
        <line num="72" count="0" type="stmt"/>
        <line num="73" count="0" type="stmt"/>
        <line num="74" count="0" type="stmt"/>
        <line num="78" count="0" type="stmt"/>
        <line num="79" count="0" type="stmt"/>
        <line num="88" count="0" type="stmt"/>
        <line num="89" count="0" type="stmt"/>
        <line num="100" count="4" type="cond" truecount="2" falsecount="0"/>
        <line num="101" count="2" type="stmt"/>
        <line num="105" count="2" type="cond" truecount="2" falsecount="0"/>
        <line num="106" count="1" type="stmt"/>
        <line num="113" count="1" type="stmt"/>
        <line num="159" count="0" type="stmt"/>
      </file>
    </package>
    <package name="src.pages.ProductsPage">
      <metrics statements="69" coveredstatements="53" conditionals="23" coveredconditionals="12" methods="18" coveredmethods="15"/>
      <file name="ProductsPage.js" path="C:\Users\841748\Projects\plain-ui-react-course\vikz-clothing-shop\src\pages\ProductsPage\ProductsPage.js">
        <metrics statements="69" coveredstatements="53" conditionals="23" coveredconditionals="12" methods="18" coveredmethods="15"/>
        <line num="12" count="4" type="stmt"/>
        <line num="14" count="5" type="stmt"/>
        <line num="16" count="5" type="stmt"/>
        <line num="17" count="5" type="stmt"/>
        <line num="18" count="5" type="stmt"/>
        <line num="19" count="5" type="stmt"/>
        <line num="20" count="5" type="stmt"/>
        <line num="21" count="5" type="stmt"/>
        <line num="22" count="5" type="stmt"/>
        <line num="23" count="5" type="stmt"/>
        <line num="24" count="5" type="stmt"/>
        <line num="36" count="5" type="stmt"/>
        <line num="38" count="5" type="stmt"/>
        <line num="40" count="3" type="stmt"/>
        <line num="42" count="1" type="cond" truecount="1" falsecount="1"/>
        <line num="43" count="1" type="stmt"/>
        <line num="44" count="1" type="stmt"/>
        <line num="46" count="0" type="stmt"/>
        <line num="47" count="0" type="stmt"/>
        <line num="51" count="1" type="stmt"/>
        <line num="52" count="1" type="stmt"/>
        <line num="55" count="2" type="stmt"/>
        <line num="58" count="3" type="cond" truecount="1" falsecount="1"/>
        <line num="60" count="3" type="stmt"/>
        <line num="62" count="1" type="cond" truecount="1" falsecount="1"/>
        <line num="63" count="1" type="stmt"/>
        <line num="64" count="1" type="stmt"/>
        <line num="66" count="0" type="stmt"/>
        <line num="67" count="0" type="stmt"/>
        <line num="71" count="1" type="stmt"/>
        <line num="72" count="1" type="stmt"/>
        <line num="75" count="2" type="stmt"/>
        <line num="76" count="2" type="stmt"/>
        <line num="77" count="2" type="stmt"/>
        <line num="78" count="2" type="stmt"/>
        <line num="83" count="5" type="stmt"/>
        <line num="84" count="3" type="stmt"/>
        <line num="86" count="3" type="cond" truecount="2" falsecount="3"/>
        <line num="88" count="0" type="cond" truecount="0" falsecount="2"/>
        <line num="89" count="0" type="stmt"/>
        <line num="91" count="0" type="stmt"/>
        <line num="94" count="3" type="stmt"/>
        <line num="97" count="3" type="stmt"/>
        <line num="99" count="1" type="cond" truecount="1" falsecount="1"/>
        <line num="100" count="1" type="stmt"/>
        <line num="101" count="1" type="stmt"/>
        <line num="102" count="1" type="stmt"/>
        <line num="104" count="0" type="stmt"/>
        <line num="105" count="0" type="stmt"/>
        <line num="109" count="1" type="stmt"/>
        <line num="110" count="1" type="stmt"/>
        <line num="113" count="2" type="stmt"/>
        <line num="118" count="5" type="stmt"/>
        <line num="119" count="0" type="stmt"/>
        <line num="120" count="0" type="stmt"/>
        <line num="121" count="0" type="stmt"/>
        <line num="125" count="5" type="stmt"/>
        <line num="126" count="0" type="stmt"/>
        <line num="127" count="0" type="stmt"/>
        <line num="128" count="0" type="stmt"/>
        <line num="132" count="5" type="cond" truecount="2" falsecount="0"/>
        <line num="133" count="3" type="stmt"/>
        <line num="137" count="2" type="cond" truecount="2" falsecount="0"/>
        <line num="138" count="1" type="stmt"/>
        <line num="145" count="1" type="stmt"/>
        <line num="157" count="0" type="stmt"/>
        <line num="162" count="3" type="stmt"/>
        <line num="195" count="2" type="stmt"/>
        <line num="216" count="3" type="stmt"/>
      </file>
    </package>
    <package name="src.routes.AppRoutes">
      <metrics statements="5" coveredstatements="5" conditionals="0" coveredconditionals="0" methods="4" coveredmethods="4"/>
      <file name="AppRoutes.js" path="C:\Users\841748\Projects\plain-ui-react-course\vikz-clothing-shop\src\routes\AppRoutes\AppRoutes.js">
        <metrics statements="5" coveredstatements="5" conditionals="0" coveredconditionals="0" methods="4" coveredmethods="4"/>
        <line num="11" count="2" type="stmt"/>
        <line num="12" count="2" type="stmt"/>
        <line num="13" count="2" type="stmt"/>
        <line num="15" count="2" type="stmt"/>
        <line num="16" count="4" type="stmt"/>
      </file>
    </package>
  </project>
</coverage>
