{"C:\\Users\\841748\\Projects\\plain-ui-react-course\\vikz-clothing-shop\\src\\App.js": {"path":"C:\\Users\\841748\\Projects\\plain-ui-react-course\\vikz-clothing-shop\\src\\App.js","statementMap":{"0":{"start":{"line":8,"column":2},"end":{"line":22,"column":4}}},"fnMap":{"0":{"name":"App","decl":{"start":{"line":7,"column":9},"end":{"line":7,"column":12}},"loc":{"start":{"line":7,"column":15},"end":{"line":23,"column":1}},"line":7}},"branchMap":{},"s":{"0":3},"f":{"0":3},"b":{},"_coverageSchema":"1a1c01bbd47fc00a2c39e90264f33305004495a9","hash":"0d8ff414876d8b09bf45c1ccfa40ce5a13734ce1"}
,"C:\\Users\\841748\\Projects\\plain-ui-react-course\\vikz-clothing-shop\\src\\components\\Footer\\Footer.js": {"path":"C:\\Users\\841748\\Projects\\plain-ui-react-course\\vikz-clothing-shop\\src\\components\\Footer\\Footer.js","statementMap":{"0":{"start":{"line":11,"column":15},"end":{"line":30,"column":1}},"1":{"start":{"line":12,"column":24},"end":{"line":12,"column":48}},"2":{"start":{"line":13,"column":24},"end":{"line":13,"column":39}},"3":{"start":{"line":15,"column":2},"end":{"line":29,"column":4}}},"fnMap":{"0":{"name":"(anonymous_0)","decl":{"start":{"line":11,"column":15},"end":{"line":11,"column":16}},"loc":{"start":{"line":11,"column":21},"end":{"line":30,"column":1}},"line":11}},"branchMap":{},"s":{"0":2,"1":1,"2":1,"3":1},"f":{"0":1},"b":{},"_coverageSchema":"1a1c01bbd47fc00a2c39e90264f33305004495a9","hash":"dedf20d492a4a765d8979a022eb13e9ae7354acc"}
,"C:\\Users\\841748\\Projects\\plain-ui-react-course\\vikz-clothing-shop\\src\\components\\Header\\Header.js": {"path":"C:\\Users\\841748\\Projects\\plain-ui-react-course\\vikz-clothing-shop\\src\\components\\Header\\Header.js","statementMap":{"0":{"start":{"line":8,"column":15},"end":{"line":41,"column":1}},"1":{"start":{"line":9,"column":2},"end":{"line":40,"column":4}}},"fnMap":{"0":{"name":"(anonymous_0)","decl":{"start":{"line":8,"column":15},"end":{"line":8,"column":16}},"loc":{"start":{"line":8,"column":21},"end":{"line":41,"column":1}},"line":8}},"branchMap":{},"s":{"0":2,"1":2},"f":{"0":2},"b":{},"_coverageSchema":"1a1c01bbd47fc00a2c39e90264f33305004495a9","hash":"293d47fa54ea4efc03fbb289d356f8725ccda0f6"}
,"C:\\Users\\841748\\Projects\\plain-ui-react-course\\vikz-clothing-shop\\src\\components\\HelmetSetup\\HelmetSetup.js": {"path":"C:\\Users\\841748\\Projects\\plain-ui-react-course\\vikz-clothing-shop\\src\\components\\HelmetSetup\\HelmetSetup.js","statementMap":{"0":{"start":{"line":6,"column":20},"end":{"line":16,"column":1}},"1":{"start":{"line":7,"column":2},"end":{"line":15,"column":4}},"2":{"start":{"line":18,"column":0},"end":{"line":20,"column":1}}},"fnMap":{"0":{"name":"(anonymous_0)","decl":{"start":{"line":6,"column":20},"end":{"line":6,"column":21}},"loc":{"start":{"line":6,"column":35},"end":{"line":16,"column":1}},"line":6}},"branchMap":{},"s":{"0":9,"1":12,"2":9},"f":{"0":12},"b":{},"_coverageSchema":"1a1c01bbd47fc00a2c39e90264f33305004495a9","hash":"fea935ccb11b22939c72bc94da989a2ea1db60ab"}
,"C:\\Users\\841748\\Projects\\plain-ui-react-course\\vikz-clothing-shop\\src\\components\\MenuList\\MenuList.js": {"path":"C:\\Users\\841748\\Projects\\plain-ui-react-course\\vikz-clothing-shop\\src\\components\\MenuList\\MenuList.js","statementMap":{"0":{"start":{"line":5,"column":17},"end":{"line":37,"column":1}},"1":{"start":{"line":6,"column":19},"end":{"line":27,"column":3}},"2":{"start":{"line":29,"column":2},"end":{"line":36,"column":4}},"3":{"start":{"line":33,"column":8},"end":{"line":33,"column":52}}},"fnMap":{"0":{"name":"(anonymous_0)","decl":{"start":{"line":5,"column":17},"end":{"line":5,"column":18}},"loc":{"start":{"line":5,"column":23},"end":{"line":37,"column":1}},"line":5},"1":{"name":"(anonymous_1)","decl":{"start":{"line":32,"column":20},"end":{"line":32,"column":21}},"loc":{"start":{"line":32,"column":30},"end":{"line":34,"column":7}},"line":32}},"branchMap":{},"s":{"0":4,"1":4,"2":4,"3":16},"f":{"0":4,"1":16},"b":{},"_coverageSchema":"1a1c01bbd47fc00a2c39e90264f33305004495a9","hash":"3fc7b3cc6efd214fd636a3bdcac4d920bc227832"}
,"C:\\Users\\841748\\Projects\\plain-ui-react-course\\vikz-clothing-shop\\src\\components\\MenuList\\MenuItem\\MenuItem.js": {"path":"C:\\Users\\841748\\Projects\\plain-ui-react-course\\vikz-clothing-shop\\src\\components\\MenuList\\MenuItem\\MenuItem.js","statementMap":{"0":{"start":{"line":6,"column":17},"end":{"line":15,"column":1}},"1":{"start":{"line":7,"column":2},"end":{"line":14,"column":4}},"2":{"start":{"line":17,"column":0},"end":{"line":20,"column":2}}},"fnMap":{"0":{"name":"(anonymous_0)","decl":{"start":{"line":6,"column":17},"end":{"line":6,"column":18}},"loc":{"start":{"line":6,"column":37},"end":{"line":15,"column":1}},"line":6}},"branchMap":{},"s":{"0":5,"1":20,"2":5},"f":{"0":20},"b":{},"_coverageSchema":"1a1c01bbd47fc00a2c39e90264f33305004495a9","hash":"6e131aadb6b7fff1aa8e89d3312a11b3d58c7159"}
,"C:\\Users\\841748\\Projects\\plain-ui-react-course\\vikz-clothing-shop\\src\\components\\Product\\Product.js": {"path":"C:\\Users\\841748\\Projects\\plain-ui-react-course\\vikz-clothing-shop\\src\\components\\Product\\Product.js","statementMap":{"0":{"start":{"line":6,"column":16},"end":{"line":30,"column":1}},"1":{"start":{"line":8,"column":16},"end":{"line":8,"column":76}},"2":{"start":{"line":10,"column":2},"end":{"line":29,"column":4}},"3":{"start":{"line":32,"column":0},"end":{"line":39,"column":2}}},"fnMap":{"0":{"name":"(anonymous_0)","decl":{"start":{"line":6,"column":16},"end":{"line":6,"column":17}},"loc":{"start":{"line":6,"column":92},"end":{"line":30,"column":1}},"line":6}},"branchMap":{},"s":{"0":5,"1":22,"2":22,"3":5},"f":{"0":22},"b":{},"_coverageSchema":"1a1c01bbd47fc00a2c39e90264f33305004495a9","hash":"2f3756a3465f80b862476412e61d0795f97d70c7"}
,"C:\\Users\\841748\\Projects\\plain-ui-react-course\\vikz-clothing-shop\\src\\components\\shared\\ErrorPage\\PageNotFound.js": {"path":"C:\\Users\\841748\\Projects\\plain-ui-react-course\\vikz-clothing-shop\\src\\components\\shared\\ErrorPage\\PageNotFound.js","statementMap":{"0":{"start":{"line":6,"column":21},"end":{"line":17,"column":1}},"1":{"start":{"line":7,"column":2},"end":{"line":16,"column":4}}},"fnMap":{"0":{"name":"(anonymous_0)","decl":{"start":{"line":6,"column":21},"end":{"line":6,"column":22}},"loc":{"start":{"line":6,"column":27},"end":{"line":17,"column":1}},"line":6}},"branchMap":{},"s":{"0":3,"1":1},"f":{"0":1},"b":{},"_coverageSchema":"1a1c01bbd47fc00a2c39e90264f33305004495a9","hash":"cc7bb7482ad3b784f5df062d60584438a71f9a3e"}
,"C:\\Users\\841748\\Projects\\plain-ui-react-course\\vikz-clothing-shop\\src\\containers\\shared\\ErrorBoundary\\ErrorBoundary.js": {"path":"C:\\Users\\841748\\Projects\\plain-ui-react-course\\vikz-clothing-shop\\src\\containers\\shared\\ErrorBoundary\\ErrorBoundary.js","statementMap":{"0":{"start":{"line":5,"column":10},"end":{"line":7,"column":3}},"1":{"start":{"line":10,"column":4},"end":{"line":10,"column":23}},"2":{"start":{"line":11,"column":4},"end":{"line":13,"column":5}},"3":{"start":{"line":17,"column":4},"end":{"line":17,"column":23}},"4":{"start":{"line":18,"column":4},"end":{"line":18,"column":26}},"5":{"start":{"line":22,"column":4},"end":{"line":31,"column":5}},"6":{"start":{"line":23,"column":6},"end":{"line":28,"column":7}},"7":{"start":{"line":30,"column":6},"end":{"line":30,"column":33}},"8":{"start":{"line":35,"column":0},"end":{"line":37,"column":1}}},"fnMap":{"0":{"name":"(anonymous_0)","decl":{"start":{"line":9,"column":2},"end":{"line":9,"column":3}},"loc":{"start":{"line":9,"column":42},"end":{"line":14,"column":3}},"line":9},"1":{"name":"(anonymous_1)","decl":{"start":{"line":16,"column":2},"end":{"line":16,"column":3}},"loc":{"start":{"line":16,"column":39},"end":{"line":19,"column":3}},"line":16},"2":{"name":"(anonymous_2)","decl":{"start":{"line":21,"column":2},"end":{"line":21,"column":3}},"loc":{"start":{"line":21,"column":12},"end":{"line":32,"column":3}},"line":21}},"branchMap":{"0":{"loc":{"start":{"line":22,"column":4},"end":{"line":31,"column":5}},"type":"if","locations":[{"start":{"line":22,"column":4},"end":{"line":31,"column":5}},{"start":{"line":29,"column":11},"end":{"line":31,"column":5}}],"line":22}},"s":{"0":2,"1":2,"2":2,"3":1,"4":1,"5":4,"6":2,"7":2,"8":1},"f":{"0":2,"1":1,"2":4},"b":{"0":[2,2]},"_coverageSchema":"1a1c01bbd47fc00a2c39e90264f33305004495a9","hash":"4c8bc312988ac9ef77bf9cebaf46d0dfe7566083"}
,"C:\\Users\\841748\\Projects\\plain-ui-react-course\\vikz-clothing-shop\\src\\pages\\AboutUsPage\\AboutUsPage.js": {"path":"C:\\Users\\841748\\Projects\\plain-ui-react-course\\vikz-clothing-shop\\src\\pages\\AboutUsPage\\AboutUsPage.js","statementMap":{"0":{"start":{"line":6,"column":20},"end":{"line":30,"column":1}},"1":{"start":{"line":7,"column":2},"end":{"line":29,"column":4}}},"fnMap":{"0":{"name":"(anonymous_0)","decl":{"start":{"line":6,"column":20},"end":{"line":6,"column":21}},"loc":{"start":{"line":6,"column":26},"end":{"line":30,"column":1}},"line":6}},"branchMap":{},"s":{"0":2,"1":2},"f":{"0":2},"b":{},"_coverageSchema":"1a1c01bbd47fc00a2c39e90264f33305004495a9","hash":"34d7b919016aef635859b27f89976566122ddbad"}
,"C:\\Users\\841748\\Projects\\plain-ui-react-course\\vikz-clothing-shop\\src\\pages\\AboutUsPage\\History\\History.js": {"path":"C:\\Users\\841748\\Projects\\plain-ui-react-course\\vikz-clothing-shop\\src\\pages\\AboutUsPage\\History\\History.js","statementMap":{"0":{"start":{"line":3,"column":16},"end":{"line":31,"column":1}},"1":{"start":{"line":4,"column":2},"end":{"line":30,"column":4}}},"fnMap":{"0":{"name":"(anonymous_0)","decl":{"start":{"line":3,"column":16},"end":{"line":3,"column":17}},"loc":{"start":{"line":3,"column":22},"end":{"line":31,"column":1}},"line":3}},"branchMap":{},"s":{"0":3,"1":1},"f":{"0":1},"b":{},"_coverageSchema":"1a1c01bbd47fc00a2c39e90264f33305004495a9","hash":"0c528e5ed279467e1d2cc5660f8391a3c73b5c65"}
,"C:\\Users\\841748\\Projects\\plain-ui-react-course\\vikz-clothing-shop\\src\\pages\\ContactUsPage\\ContactUsPage.js": {"path":"C:\\Users\\841748\\Projects\\plain-ui-react-course\\vikz-clothing-shop\\src\\pages\\ContactUsPage\\ContactUsPage.js","statementMap":{"0":{"start":{"line":10,"column":22},"end":{"line":86,"column":1}},"1":{"start":{"line":12,"column":32},"end":{"line":12,"column":44}},"2":{"start":{"line":13,"column":36},"end":{"line":13,"column":50}},"3":{"start":{"line":14,"column":32},"end":{"line":14,"column":47}},"4":{"start":{"line":17,"column":2},"end":{"line":37,"column":9}},"5":{"start":{"line":19,"column":4},"end":{"line":36,"column":9}},"6":{"start":{"line":21,"column":8},"end":{"line":28,"column":9}},"7":{"start":{"line":22,"column":10},"end":{"line":22,"column":33}},"8":{"start":{"line":23,"column":10},"end":{"line":23,"column":32}},"9":{"start":{"line":24,"column":10},"end":{"line":24,"column":28}},"10":{"start":{"line":26,"column":10},"end":{"line":26,"column":33}},"11":{"start":{"line":27,"column":10},"end":{"line":27,"column":27}},"12":{"start":{"line":31,"column":8},"end":{"line":31,"column":25}},"13":{"start":{"line":32,"column":8},"end":{"line":32,"column":25}},"14":{"start":{"line":35,"column":8},"end":{"line":35,"column":28}},"15":{"start":{"line":40,"column":2},"end":{"line":42,"column":3}},"16":{"start":{"line":41,"column":4},"end":{"line":41,"column":63}},"17":{"start":{"line":45,"column":2},"end":{"line":47,"column":3}},"18":{"start":{"line":46,"column":4},"end":{"line":46,"column":90}},"19":{"start":{"line":49,"column":2},"end":{"line":85,"column":4}}},"fnMap":{"0":{"name":"(anonymous_0)","decl":{"start":{"line":10,"column":22},"end":{"line":10,"column":23}},"loc":{"start":{"line":10,"column":28},"end":{"line":86,"column":1}},"line":10},"1":{"name":"(anonymous_1)","decl":{"start":{"line":17,"column":12},"end":{"line":17,"column":13}},"loc":{"start":{"line":17,"column":18},"end":{"line":37,"column":3}},"line":17},"2":{"name":"(anonymous_2)","decl":{"start":{"line":20,"column":12},"end":{"line":20,"column":13}},"loc":{"start":{"line":20,"column":27},"end":{"line":29,"column":7}},"line":20},"3":{"name":"(anonymous_3)","decl":{"start":{"line":30,"column":13},"end":{"line":30,"column":14}},"loc":{"start":{"line":30,"column":22},"end":{"line":33,"column":7}},"line":30},"4":{"name":"(anonymous_4)","decl":{"start":{"line":34,"column":15},"end":{"line":34,"column":16}},"loc":{"start":{"line":34,"column":21},"end":{"line":36,"column":7}},"line":34}},"branchMap":{"0":{"loc":{"start":{"line":21,"column":8},"end":{"line":28,"column":9}},"type":"if","locations":[{"start":{"line":21,"column":8},"end":{"line":28,"column":9}},{"start":{"line":25,"column":15},"end":{"line":28,"column":9}}],"line":21},"1":{"loc":{"start":{"line":40,"column":2},"end":{"line":42,"column":3}},"type":"if","locations":[{"start":{"line":40,"column":2},"end":{"line":42,"column":3}},{"start":{},"end":{}}],"line":40},"2":{"loc":{"start":{"line":45,"column":2},"end":{"line":47,"column":3}},"type":"if","locations":[{"start":{"line":45,"column":2},"end":{"line":47,"column":3}},{"start":{},"end":{}}],"line":45}},"s":{"0":2,"1":4,"2":4,"3":4,"4":4,"5":2,"6":1,"7":1,"8":1,"9":1,"10":0,"11":0,"12":1,"13":1,"14":2,"15":4,"16":2,"17":2,"18":1,"19":1},"f":{"0":4,"1":2,"2":1,"3":1,"4":2},"b":{"0":[1,0],"1":[2,2],"2":[1,1]},"_coverageSchema":"1a1c01bbd47fc00a2c39e90264f33305004495a9","hash":"34718b8813f7a0f56227cb14d4c8efc62f23019c"}
,"C:\\Users\\841748\\Projects\\plain-ui-react-course\\vikz-clothing-shop\\src\\pages\\ContactUsPage\\ContactUsForm\\ContactUsForm.js": {"path":"C:\\Users\\841748\\Projects\\plain-ui-react-course\\vikz-clothing-shop\\src\\pages\\ContactUsPage\\ContactUsForm\\ContactUsForm.js","statementMap":{"0":{"start":{"line":5,"column":22},"end":{"line":128,"column":1}},"1":{"start":{"line":12,"column":6},"end":{"line":12,"column":15}},"2":{"start":{"line":14,"column":36},"end":{"line":14,"column":51}},"3":{"start":{"line":15,"column":32},"end":{"line":15,"column":47}},"4":{"start":{"line":16,"column":32},"end":{"line":16,"column":47}},"5":{"start":{"line":18,"column":21},"end":{"line":53,"column":3}},"6":{"start":{"line":20,"column":4},"end":{"line":52,"column":5}},"7":{"start":{"line":21,"column":6},"end":{"line":51,"column":11}},"8":{"start":{"line":23,"column":10},"end":{"line":34,"column":11}},"9":{"start":{"line":24,"column":12},"end":{"line":24,"column":35}},"10":{"start":{"line":25,"column":12},"end":{"line":25,"column":40}},"11":{"start":{"line":26,"column":12},"end":{"line":26,"column":29}},"12":{"start":{"line":27,"column":12},"end":{"line":29,"column":20}},"13":{"start":{"line":28,"column":14},"end":{"line":28,"column":32}},"14":{"start":{"line":30,"column":12},"end":{"line":30,"column":30}},"15":{"start":{"line":32,"column":12},"end":{"line":32,"column":35}},"16":{"start":{"line":33,"column":12},"end":{"line":33,"column":29}},"17":{"start":{"line":37,"column":10},"end":{"line":37,"column":27}},"18":{"start":{"line":38,"column":10},"end":{"line":38,"column":27}},"19":{"start":{"line":39,"column":10},"end":{"line":41,"column":18}},"20":{"start":{"line":40,"column":12},"end":{"line":40,"column":29}},"21":{"start":{"line":44,"column":10},"end":{"line":44,"column":30}},"22":{"start":{"line":46,"column":10},"end":{"line":50,"column":13}},"23":{"start":{"line":55,"column":2},"end":{"line":57,"column":3}},"24":{"start":{"line":56,"column":4},"end":{"line":56,"column":63}},"25":{"start":{"line":60,"column":2},"end":{"line":62,"column":3}},"26":{"start":{"line":61,"column":4},"end":{"line":61,"column":116}},"27":{"start":{"line":64,"column":2},"end":{"line":127,"column":4}}},"fnMap":{"0":{"name":"(anonymous_0)","decl":{"start":{"line":5,"column":22},"end":{"line":5,"column":23}},"loc":{"start":{"line":5,"column":28},"end":{"line":128,"column":1}},"line":5},"1":{"name":"(anonymous_1)","decl":{"start":{"line":18,"column":21},"end":{"line":18,"column":22}},"loc":{"start":{"line":18,"column":37},"end":{"line":53,"column":3}},"line":18},"2":{"name":"(anonymous_2)","decl":{"start":{"line":22,"column":14},"end":{"line":22,"column":15}},"loc":{"start":{"line":22,"column":29},"end":{"line":35,"column":9}},"line":22},"3":{"name":"(anonymous_3)","decl":{"start":{"line":27,"column":23},"end":{"line":27,"column":24}},"loc":{"start":{"line":27,"column":29},"end":{"line":29,"column":13}},"line":27},"4":{"name":"(anonymous_4)","decl":{"start":{"line":36,"column":15},"end":{"line":36,"column":16}},"loc":{"start":{"line":36,"column":24},"end":{"line":42,"column":9}},"line":36},"5":{"name":"(anonymous_5)","decl":{"start":{"line":39,"column":21},"end":{"line":39,"column":22}},"loc":{"start":{"line":39,"column":27},"end":{"line":41,"column":11}},"line":39},"6":{"name":"(anonymous_6)","decl":{"start":{"line":43,"column":17},"end":{"line":43,"column":18}},"loc":{"start":{"line":43,"column":23},"end":{"line":51,"column":9}},"line":43}},"branchMap":{"0":{"loc":{"start":{"line":20,"column":4},"end":{"line":52,"column":5}},"type":"if","locations":[{"start":{"line":20,"column":4},"end":{"line":52,"column":5}},{"start":{},"end":{}}],"line":20},"1":{"loc":{"start":{"line":23,"column":10},"end":{"line":34,"column":11}},"type":"if","locations":[{"start":{"line":23,"column":10},"end":{"line":34,"column":11}},{"start":{"line":31,"column":17},"end":{"line":34,"column":11}}],"line":23},"2":{"loc":{"start":{"line":55,"column":2},"end":{"line":57,"column":3}},"type":"if","locations":[{"start":{"line":55,"column":2},"end":{"line":57,"column":3}},{"start":{},"end":{}}],"line":55},"3":{"loc":{"start":{"line":60,"column":2},"end":{"line":62,"column":3}},"type":"if","locations":[{"start":{"line":60,"column":2},"end":{"line":62,"column":3}},{"start":{},"end":{}}],"line":60},"4":{"loc":{"start":{"line":76,"column":7},"end":{"line":80,"column":7}},"type":"binary-expr","locations":[{"start":{"line":76,"column":7},"end":{"line":76,"column":39}},{"start":{"line":77,"column":8},"end":{"line":79,"column":15}}],"line":76},"5":{"loc":{"start":{"line":91,"column":7},"end":{"line":95,"column":7}},"type":"binary-expr","locations":[{"start":{"line":91,"column":7},"end":{"line":91,"column":40}},{"start":{"line":92,"column":8},"end":{"line":94,"column":12}}],"line":91},"6":{"loc":{"start":{"line":107,"column":7},"end":{"line":111,"column":7}},"type":"binary-expr","locations":[{"start":{"line":107,"column":7},"end":{"line":107,"column":42}},{"start":{"line":108,"column":8},"end":{"line":110,"column":12}}],"line":107},"7":{"loc":{"start":{"line":114,"column":7},"end":{"line":120,"column":7}},"type":"cond-expr","locations":[{"start":{"line":115,"column":8},"end":{"line":117,"column":14}},{"start":{"line":119,"column":8},"end":{"line":119,"column":10}}],"line":114},"8":{"loc":{"start":{"line":121,"column":7},"end":{"line":125,"column":7}},"type":"cond-expr","locations":[{"start":{"line":122,"column":8},"end":{"line":122,"column":121}},{"start":{"line":124,"column":8},"end":{"line":124,"column":10}}],"line":121}},"s":{"0":3,"1":7,"2":7,"3":7,"4":7,"5":7,"6":2,"7":2,"8":0,"9":0,"10":0,"11":0,"12":0,"13":0,"14":0,"15":0,"16":0,"17":0,"18":0,"19":0,"20":0,"21":0,"22":0,"23":7,"24":0,"25":7,"26":0,"27":7},"f":{"0":7,"1":2,"2":0,"3":0,"4":0,"5":0,"6":0},"b":{"0":[2,0],"1":[0,0],"2":[0,7],"3":[0,7],"4":[7,0],"5":[7,0],"6":[7,0],"7":[0,7],"8":[0,7]},"_coverageSchema":"1a1c01bbd47fc00a2c39e90264f33305004495a9","hash":"5958ca78e6a9080301d8e33cbf12dc1104733468"}
,"C:\\Users\\841748\\Projects\\plain-ui-react-course\\vikz-clothing-shop\\src\\pages\\HomePage\\HomePage.js": {"path":"C:\\Users\\841748\\Projects\\plain-ui-react-course\\vikz-clothing-shop\\src\\pages\\HomePage\\HomePage.js","statementMap":{"0":{"start":{"line":11,"column":17},"end":{"line":120,"column":1}},"1":{"start":{"line":13,"column":36},"end":{"line":13,"column":50}},"2":{"start":{"line":14,"column":32},"end":{"line":14,"column":47}},"3":{"start":{"line":15,"column":34},"end":{"line":15,"column":46}},"4":{"start":{"line":16,"column":26},"end":{"line":41,"column":3}},"5":{"start":{"line":43,"column":2},"end":{"line":65,"column":9}},"6":{"start":{"line":45,"column":4},"end":{"line":64,"column":9}},"7":{"start":{"line":50,"column":8},"end":{"line":56,"column":9}},"8":{"start":{"line":51,"column":10},"end":{"line":51,"column":33}},"9":{"start":{"line":52,"column":10},"end":{"line":52,"column":28}},"10":{"start":{"line":54,"column":10},"end":{"line":54,"column":26}},"11":{"start":{"line":55,"column":10},"end":{"line":55,"column":27}},"12":{"start":{"line":59,"column":8},"end":{"line":59,"column":25}},"13":{"start":{"line":60,"column":8},"end":{"line":60,"column":25}},"14":{"start":{"line":63,"column":8},"end":{"line":63,"column":28}},"15":{"start":{"line":68,"column":2},"end":{"line":70,"column":3}},"16":{"start":{"line":69,"column":4},"end":{"line":69,"column":63}},"17":{"start":{"line":73,"column":2},"end":{"line":75,"column":3}},"18":{"start":{"line":74,"column":4},"end":{"line":74,"column":90}},"19":{"start":{"line":77,"column":2},"end":{"line":119,"column":4}},"20":{"start":{"line":85,"column":10},"end":{"line":85,"column":73}},"21":{"start":{"line":99,"column":10},"end":{"line":115,"column":12}}},"fnMap":{"0":{"name":"(anonymous_0)","decl":{"start":{"line":11,"column":17},"end":{"line":11,"column":18}},"loc":{"start":{"line":11,"column":23},"end":{"line":120,"column":1}},"line":11},"1":{"name":"(anonymous_1)","decl":{"start":{"line":43,"column":12},"end":{"line":43,"column":13}},"loc":{"start":{"line":43,"column":18},"end":{"line":65,"column":3}},"line":43},"2":{"name":"(anonymous_2)","decl":{"start":{"line":49,"column":12},"end":{"line":49,"column":13}},"loc":{"start":{"line":49,"column":27},"end":{"line":57,"column":7}},"line":49},"3":{"name":"(anonymous_3)","decl":{"start":{"line":58,"column":13},"end":{"line":58,"column":14}},"loc":{"start":{"line":58,"column":22},"end":{"line":61,"column":7}},"line":58},"4":{"name":"(anonymous_4)","decl":{"start":{"line":62,"column":15},"end":{"line":62,"column":16}},"loc":{"start":{"line":62,"column":21},"end":{"line":64,"column":7}},"line":62},"5":{"name":"(anonymous_5)","decl":{"start":{"line":84,"column":22},"end":{"line":84,"column":23}},"loc":{"start":{"line":84,"column":42},"end":{"line":86,"column":9}},"line":84},"6":{"name":"(anonymous_6)","decl":{"start":{"line":98,"column":29},"end":{"line":98,"column":30}},"loc":{"start":{"line":98,"column":43},"end":{"line":116,"column":9}},"line":98}},"branchMap":{"0":{"loc":{"start":{"line":50,"column":8},"end":{"line":56,"column":9}},"type":"if","locations":[{"start":{"line":50,"column":8},"end":{"line":56,"column":9}},{"start":{"line":53,"column":15},"end":{"line":56,"column":9}}],"line":50},"1":{"loc":{"start":{"line":68,"column":2},"end":{"line":70,"column":3}},"type":"if","locations":[{"start":{"line":68,"column":2},"end":{"line":70,"column":3}},{"start":{},"end":{}}],"line":68},"2":{"loc":{"start":{"line":73,"column":2},"end":{"line":75,"column":3}},"type":"if","locations":[{"start":{"line":73,"column":2},"end":{"line":75,"column":3}},{"start":{},"end":{}}],"line":73}},"s":{"0":2,"1":10,"2":10,"3":10,"4":10,"5":10,"6":5,"7":5,"8":5,"9":5,"10":0,"11":0,"12":0,"13":0,"14":5,"15":10,"16":5,"17":5,"18":0,"19":5,"20":15,"21":15},"f":{"0":10,"1":5,"2":5,"3":0,"4":5,"5":15,"6":15},"b":{"0":[5,0],"1":[5,5],"2":[0,5]},"_coverageSchema":"1a1c01bbd47fc00a2c39e90264f33305004495a9","hash":"4653cf18df37555d6be6400050282333a0b46c22"}
,"C:\\Users\\841748\\Projects\\plain-ui-react-course\\vikz-clothing-shop\\src\\pages\\HomePage\\Carousel\\Carousel.js": {"path":"C:\\Users\\841748\\Projects\\plain-ui-react-course\\vikz-clothing-shop\\src\\pages\\HomePage\\Carousel\\Carousel.js","statementMap":{"0":{"start":{"line":4,"column":17},"end":{"line":87,"column":1}},"1":{"start":{"line":6,"column":24},"end":{"line":25,"column":3}},"2":{"start":{"line":27,"column":2},"end":{"line":86,"column":4}},"3":{"start":{"line":55,"column":10},"end":{"line":61,"column":12}}},"fnMap":{"0":{"name":"(anonymous_0)","decl":{"start":{"line":4,"column":17},"end":{"line":4,"column":18}},"loc":{"start":{"line":4,"column":23},"end":{"line":87,"column":1}},"line":4},"1":{"name":"(anonymous_1)","decl":{"start":{"line":54,"column":27},"end":{"line":54,"column":28}},"loc":{"start":{"line":54,"column":48},"end":{"line":62,"column":9}},"line":54}},"branchMap":{},"s":{"0":3,"1":6,"2":6,"3":18},"f":{"0":6,"1":18},"b":{},"_coverageSchema":"1a1c01bbd47fc00a2c39e90264f33305004495a9","hash":"f829aabcc8629b2ea9a7fc9f50336f76fffa157f"}
,"C:\\Users\\841748\\Projects\\plain-ui-react-course\\vikz-clothing-shop\\src\\pages\\HomePage\\Carousel\\CarouselItem\\CarouselItem.js": {"path":"C:\\Users\\841748\\Projects\\plain-ui-react-course\\vikz-clothing-shop\\src\\pages\\HomePage\\Carousel\\CarouselItem\\CarouselItem.js","statementMap":{"0":{"start":{"line":7,"column":21},"end":{"line":22,"column":1}},"1":{"start":{"line":8,"column":2},"end":{"line":21,"column":4}},"2":{"start":{"line":24,"column":0},"end":{"line":29,"column":2}}},"fnMap":{"0":{"name":"(anonymous_0)","decl":{"start":{"line":7,"column":21},"end":{"line":7,"column":22}},"loc":{"start":{"line":7,"column":64},"end":{"line":22,"column":1}},"line":7}},"branchMap":{},"s":{"0":4,"1":23,"2":4},"f":{"0":23},"b":{},"_coverageSchema":"1a1c01bbd47fc00a2c39e90264f33305004495a9","hash":"3d384468d10d1fe372ce96435843c0e2595282ec"}
,"C:\\Users\\841748\\Projects\\plain-ui-react-course\\vikz-clothing-shop\\src\\pages\\ProductDetailsPage\\ProductDetailsPage.js": {"path":"C:\\Users\\841748\\Projects\\plain-ui-react-course\\vikz-clothing-shop\\src\\pages\\ProductDetailsPage\\ProductDetailsPage.js","statementMap":{"0":{"start":{"line":10,"column":23},"end":{"line":309,"column":1}},"1":{"start":{"line":11,"column":44},"end":{"line":11,"column":53}},"2":{"start":{"line":13,"column":17},"end":{"line":13,"column":28}},"3":{"start":{"line":14,"column":30},"end":{"line":14,"column":41}},"4":{"start":{"line":15,"column":32},"end":{"line":15,"column":44}},"5":{"start":{"line":16,"column":36},"end":{"line":16,"column":50}},"6":{"start":{"line":17,"column":32},"end":{"line":17,"column":47}},"7":{"start":{"line":18,"column":32},"end":{"line":18,"column":47}},"8":{"start":{"line":21,"column":4},"end":{"line":21,"column":88}},"9":{"start":{"line":23,"column":2},"end":{"line":42,"column":11}},"10":{"start":{"line":25,"column":4},"end":{"line":41,"column":9}},"11":{"start":{"line":27,"column":8},"end":{"line":33,"column":9}},"12":{"start":{"line":28,"column":10},"end":{"line":28,"column":32}},"13":{"start":{"line":29,"column":10},"end":{"line":29,"column":28}},"14":{"start":{"line":31,"column":10},"end":{"line":31,"column":25}},"15":{"start":{"line":32,"column":10},"end":{"line":32,"column":27}},"16":{"start":{"line":36,"column":8},"end":{"line":36,"column":25}},"17":{"start":{"line":37,"column":8},"end":{"line":37,"column":25}},"18":{"start":{"line":40,"column":8},"end":{"line":40,"column":28}},"19":{"start":{"line":45,"column":29},"end":{"line":47,"column":3}},"20":{"start":{"line":46,"column":4},"end":{"line":46,"column":25}},"21":{"start":{"line":49,"column":23},"end":{"line":97,"column":3}},"22":{"start":{"line":50,"column":4},"end":{"line":50,"column":28}},"23":{"start":{"line":52,"column":28},"end":{"line":52,"column":48}},"24":{"start":{"line":54,"column":19},"end":{"line":54,"column":79}},"25":{"start":{"line":54,"column":51},"end":{"line":54,"column":78}},"26":{"start":{"line":56,"column":4},"end":{"line":96,"column":5}},"27":{"start":{"line":57,"column":6},"end":{"line":57,"column":36}},"28":{"start":{"line":58,"column":6},"end":{"line":86,"column":11}},"29":{"start":{"line":60,"column":10},"end":{"line":69,"column":11}},"30":{"start":{"line":61,"column":12},"end":{"line":61,"column":35}},"31":{"start":{"line":62,"column":12},"end":{"line":62,"column":29}},"32":{"start":{"line":63,"column":12},"end":{"line":65,"column":21}},"33":{"start":{"line":64,"column":14},"end":{"line":64,"column":32}},"34":{"start":{"line":67,"column":12},"end":{"line":67,"column":29}},"35":{"start":{"line":68,"column":12},"end":{"line":68,"column":35}},"36":{"start":{"line":72,"column":10},"end":{"line":72,"column":27}},"37":{"start":{"line":73,"column":10},"end":{"line":75,"column":19}},"38":{"start":{"line":74,"column":12},"end":{"line":74,"column":29}},"39":{"start":{"line":78,"column":10},"end":{"line":78,"column":30}},"40":{"start":{"line":79,"column":10},"end":{"line":85,"column":13}},"41":{"start":{"line":88,"column":6},"end":{"line":88,"column":40}},"42":{"start":{"line":89,"column":6},"end":{"line":95,"column":9}},"43":{"start":{"line":100,"column":2},"end":{"line":102,"column":3}},"44":{"start":{"line":101,"column":4},"end":{"line":101,"column":63}},"45":{"start":{"line":105,"column":2},"end":{"line":111,"column":3}},"46":{"start":{"line":106,"column":4},"end":{"line":110,"column":6}},"47":{"start":{"line":113,"column":2},"end":{"line":308,"column":4}},"48":{"start":{"line":159,"column":18},"end":{"line":189,"column":20}}},"fnMap":{"0":{"name":"(anonymous_0)","decl":{"start":{"line":10,"column":23},"end":{"line":10,"column":24}},"loc":{"start":{"line":10,"column":29},"end":{"line":309,"column":1}},"line":10},"1":{"name":"(anonymous_1)","decl":{"start":{"line":23,"column":12},"end":{"line":23,"column":13}},"loc":{"start":{"line":23,"column":18},"end":{"line":42,"column":3}},"line":23},"2":{"name":"(anonymous_2)","decl":{"start":{"line":26,"column":12},"end":{"line":26,"column":13}},"loc":{"start":{"line":26,"column":27},"end":{"line":34,"column":7}},"line":26},"3":{"name":"(anonymous_3)","decl":{"start":{"line":35,"column":13},"end":{"line":35,"column":14}},"loc":{"start":{"line":35,"column":22},"end":{"line":38,"column":7}},"line":35},"4":{"name":"(anonymous_4)","decl":{"start":{"line":39,"column":15},"end":{"line":39,"column":16}},"loc":{"start":{"line":39,"column":21},"end":{"line":41,"column":7}},"line":39},"5":{"name":"(anonymous_5)","decl":{"start":{"line":45,"column":29},"end":{"line":45,"column":30}},"loc":{"start":{"line":45,"column":44},"end":{"line":47,"column":3}},"line":45},"6":{"name":"(anonymous_6)","decl":{"start":{"line":49,"column":23},"end":{"line":49,"column":24}},"loc":{"start":{"line":49,"column":36},"end":{"line":97,"column":3}},"line":49},"7":{"name":"(anonymous_7)","decl":{"start":{"line":54,"column":42},"end":{"line":54,"column":43}},"loc":{"start":{"line":54,"column":51},"end":{"line":54,"column":78}},"line":54},"8":{"name":"(anonymous_8)","decl":{"start":{"line":59,"column":14},"end":{"line":59,"column":15}},"loc":{"start":{"line":59,"column":29},"end":{"line":70,"column":9}},"line":59},"9":{"name":"(anonymous_9)","decl":{"start":{"line":63,"column":23},"end":{"line":63,"column":24}},"loc":{"start":{"line":63,"column":29},"end":{"line":65,"column":13}},"line":63},"10":{"name":"(anonymous_10)","decl":{"start":{"line":71,"column":15},"end":{"line":71,"column":16}},"loc":{"start":{"line":71,"column":21},"end":{"line":76,"column":9}},"line":71},"11":{"name":"(anonymous_11)","decl":{"start":{"line":73,"column":21},"end":{"line":73,"column":22}},"loc":{"start":{"line":73,"column":27},"end":{"line":75,"column":11}},"line":73},"12":{"name":"(anonymous_12)","decl":{"start":{"line":77,"column":17},"end":{"line":77,"column":18}},"loc":{"start":{"line":77,"column":23},"end":{"line":86,"column":9}},"line":77},"13":{"name":"(anonymous_13)","decl":{"start":{"line":158,"column":38},"end":{"line":158,"column":39}},"loc":{"start":{"line":158,"column":50},"end":{"line":190,"column":17}},"line":158}},"branchMap":{"0":{"loc":{"start":{"line":27,"column":8},"end":{"line":33,"column":9}},"type":"if","locations":[{"start":{"line":27,"column":8},"end":{"line":33,"column":9}},{"start":{"line":30,"column":15},"end":{"line":33,"column":9}}],"line":27},"1":{"loc":{"start":{"line":56,"column":4},"end":{"line":96,"column":5}},"type":"if","locations":[{"start":{"line":56,"column":4},"end":{"line":96,"column":5}},{"start":{"line":87,"column":11},"end":{"line":96,"column":5}}],"line":56},"2":{"loc":{"start":{"line":60,"column":10},"end":{"line":69,"column":11}},"type":"if","locations":[{"start":{"line":60,"column":10},"end":{"line":69,"column":11}},{"start":{"line":66,"column":17},"end":{"line":69,"column":11}}],"line":60},"3":{"loc":{"start":{"line":100,"column":2},"end":{"line":102,"column":3}},"type":"if","locations":[{"start":{"line":100,"column":2},"end":{"line":102,"column":3}},{"start":{},"end":{}}],"line":100},"4":{"loc":{"start":{"line":105,"column":2},"end":{"line":111,"column":3}},"type":"if","locations":[{"start":{"line":105,"column":2},"end":{"line":111,"column":3}},{"start":{},"end":{}}],"line":105},"5":{"loc":{"start":{"line":143,"column":29},"end":{"line":143,"column":88}},"type":"cond-expr","locations":[{"start":{"line":143,"column":60},"end":{"line":143,"column":82}},{"start":{"line":143,"column":85},"end":{"line":143,"column":88}}],"line":143},"6":{"loc":{"start":{"line":157,"column":15},"end":{"line":191,"column":20}},"type":"cond-expr","locations":[{"start":{"line":158,"column":18},"end":{"line":190,"column":18}},{"start":{"line":191,"column":18},"end":{"line":191,"column":20}}],"line":157},"7":{"loc":{"start":{"line":284,"column":23},"end":{"line":290,"column":23}},"type":"cond-expr","locations":[{"start":{"line":285,"column":24},"end":{"line":287,"column":30}},{"start":{"line":289,"column":24},"end":{"line":289,"column":26}}],"line":284},"8":{"loc":{"start":{"line":291,"column":23},"end":{"line":297,"column":23}},"type":"cond-expr","locations":[{"start":{"line":292,"column":24},"end":{"line":294,"column":30}},{"start":{"line":296,"column":24},"end":{"line":296,"column":26}}],"line":291}},"s":{"0":3,"1":4,"2":4,"3":4,"4":4,"5":4,"6":4,"7":4,"8":4,"9":4,"10":2,"11":1,"12":1,"13":1,"14":0,"15":0,"16":1,"17":1,"18":2,"19":4,"20":0,"21":4,"22":0,"23":0,"24":0,"25":0,"26":0,"27":0,"28":0,"29":0,"30":0,"31":0,"32":0,"33":0,"34":0,"35":0,"36":0,"37":0,"38":0,"39":0,"40":0,"41":0,"42":0,"43":4,"44":2,"45":2,"46":1,"47":1,"48":0},"f":{"0":4,"1":2,"2":1,"3":1,"4":2,"5":0,"6":0,"7":0,"8":0,"9":0,"10":0,"11":0,"12":0,"13":0},"b":{"0":[1,0],"1":[0,0],"2":[0,0],"3":[2,2],"4":[1,1],"5":[0,1],"6":[0,1],"7":[0,1],"8":[0,1]},"_coverageSchema":"1a1c01bbd47fc00a2c39e90264f33305004495a9","hash":"01332e28e6cd2d9d1399b136a412a151827b0ef4"}
,"C:\\Users\\841748\\Projects\\plain-ui-react-course\\vikz-clothing-shop\\src\\pages\\ProductsPage\\ProductsPage.js": {"path":"C:\\Users\\841748\\Projects\\plain-ui-react-course\\vikz-clothing-shop\\src\\pages\\ProductsPage\\ProductsPage.js","statementMap":{"0":{"start":{"line":12,"column":21},"end":{"line":231,"column":1}},"1":{"start":{"line":14,"column":19},"end":{"line":14,"column":32}},"2":{"start":{"line":16,"column":38},"end":{"line":16,"column":50}},"3":{"start":{"line":17,"column":34},"end":{"line":17,"column":46}},"4":{"start":{"line":18,"column":36},"end":{"line":18,"column":50}},"5":{"start":{"line":19,"column":32},"end":{"line":19,"column":47}},"6":{"start":{"line":20,"column":44},"end":{"line":20,"column":58}},"7":{"start":{"line":21,"column":42},"end":{"line":21,"column":54}},"8":{"start":{"line":22,"column":36},"end":{"line":22,"column":48}},"9":{"start":{"line":23,"column":48},"end":{"line":23,"column":67}},"10":{"start":{"line":24,"column":40},"end":{"line":35,"column":4}},"11":{"start":{"line":36,"column":2},"end":{"line":36,"column":30}},"12":{"start":{"line":38,"column":2},"end":{"line":81,"column":22}},"13":{"start":{"line":40,"column":4},"end":{"line":56,"column":9}},"14":{"start":{"line":42,"column":8},"end":{"line":48,"column":9}},"15":{"start":{"line":43,"column":10},"end":{"line":43,"column":35}},"16":{"start":{"line":44,"column":10},"end":{"line":44,"column":28}},"17":{"start":{"line":46,"column":10},"end":{"line":46,"column":28}},"18":{"start":{"line":47,"column":10},"end":{"line":47,"column":27}},"19":{"start":{"line":51,"column":8},"end":{"line":51,"column":25}},"20":{"start":{"line":52,"column":8},"end":{"line":52,"column":25}},"21":{"start":{"line":55,"column":8},"end":{"line":55,"column":28}},"22":{"start":{"line":58,"column":4},"end":{"line":80,"column":5}},"23":{"start":{"line":60,"column":6},"end":{"line":79,"column":11}},"24":{"start":{"line":62,"column":10},"end":{"line":68,"column":11}},"25":{"start":{"line":63,"column":12},"end":{"line":63,"column":35}},"26":{"start":{"line":64,"column":12},"end":{"line":64,"column":30}},"27":{"start":{"line":66,"column":12},"end":{"line":66,"column":28}},"28":{"start":{"line":67,"column":12},"end":{"line":67,"column":29}},"29":{"start":{"line":71,"column":10},"end":{"line":71,"column":27}},"30":{"start":{"line":72,"column":10},"end":{"line":72,"column":27}},"31":{"start":{"line":75,"column":10},"end":{"line":75,"column":30}},"32":{"start":{"line":76,"column":10},"end":{"line":76,"column":27}},"33":{"start":{"line":77,"column":10},"end":{"line":77,"column":42}},"34":{"start":{"line":78,"column":10},"end":{"line":78,"column":30}},"35":{"start":{"line":83,"column":2},"end":{"line":115,"column":42}},"36":{"start":{"line":84,"column":14},"end":{"line":84,"column":46}},"37":{"start":{"line":86,"column":4},"end":{"line":95,"column":5}},"38":{"start":{"line":88,"column":6},"end":{"line":92,"column":7}},"39":{"start":{"line":89,"column":8},"end":{"line":89,"column":80}},"40":{"start":{"line":91,"column":8},"end":{"line":91,"column":81}},"41":{"start":{"line":94,"column":6},"end":{"line":94,"column":34}},"42":{"start":{"line":97,"column":4},"end":{"line":114,"column":9}},"43":{"start":{"line":99,"column":8},"end":{"line":106,"column":9}},"44":{"start":{"line":100,"column":10},"end":{"line":100,"column":26}},"45":{"start":{"line":101,"column":10},"end":{"line":101,"column":33}},"46":{"start":{"line":102,"column":10},"end":{"line":102,"column":28}},"47":{"start":{"line":104,"column":10},"end":{"line":104,"column":26}},"48":{"start":{"line":105,"column":10},"end":{"line":105,"column":27}},"49":{"start":{"line":109,"column":8},"end":{"line":109,"column":25}},"50":{"start":{"line":110,"column":8},"end":{"line":110,"column":25}},"51":{"start":{"line":113,"column":8},"end":{"line":113,"column":28}},"52":{"start":{"line":118,"column":27},"end":{"line":122,"column":3}},"53":{"start":{"line":119,"column":4},"end":{"line":119,"column":28}},"54":{"start":{"line":120,"column":4},"end":{"line":120,"column":26}},"55":{"start":{"line":121,"column":4},"end":{"line":121,"column":36}},"56":{"start":{"line":125,"column":21},"end":{"line":129,"column":3}},"57":{"start":{"line":126,"column":4},"end":{"line":126,"column":32}},"58":{"start":{"line":127,"column":4},"end":{"line":127,"column":28}},"59":{"start":{"line":128,"column":4},"end":{"line":128,"column":24}},"60":{"start":{"line":132,"column":2},"end":{"line":134,"column":3}},"61":{"start":{"line":133,"column":4},"end":{"line":133,"column":63}},"62":{"start":{"line":137,"column":2},"end":{"line":143,"column":3}},"63":{"start":{"line":138,"column":4},"end":{"line":142,"column":6}},"64":{"start":{"line":145,"column":2},"end":{"line":230,"column":4}},"65":{"start":{"line":157,"column":27},"end":{"line":157,"column":49}},"66":{"start":{"line":162,"column":12},"end":{"line":174,"column":14}},"67":{"start":{"line":195,"column":18},"end":{"line":208,"column":20}},"68":{"start":{"line":216,"column":14},"end":{"line":216,"column":77}}},"fnMap":{"0":{"name":"(anonymous_0)","decl":{"start":{"line":12,"column":21},"end":{"line":12,"column":22}},"loc":{"start":{"line":12,"column":27},"end":{"line":231,"column":1}},"line":12},"1":{"name":"(anonymous_1)","decl":{"start":{"line":38,"column":12},"end":{"line":38,"column":13}},"loc":{"start":{"line":38,"column":18},"end":{"line":81,"column":3}},"line":38},"2":{"name":"(anonymous_2)","decl":{"start":{"line":41,"column":12},"end":{"line":41,"column":13}},"loc":{"start":{"line":41,"column":27},"end":{"line":49,"column":7}},"line":41},"3":{"name":"(anonymous_3)","decl":{"start":{"line":50,"column":13},"end":{"line":50,"column":14}},"loc":{"start":{"line":50,"column":22},"end":{"line":53,"column":7}},"line":50},"4":{"name":"(anonymous_4)","decl":{"start":{"line":54,"column":15},"end":{"line":54,"column":16}},"loc":{"start":{"line":54,"column":21},"end":{"line":56,"column":7}},"line":54},"5":{"name":"(anonymous_5)","decl":{"start":{"line":61,"column":14},"end":{"line":61,"column":15}},"loc":{"start":{"line":61,"column":29},"end":{"line":69,"column":9}},"line":61},"6":{"name":"(anonymous_6)","decl":{"start":{"line":70,"column":15},"end":{"line":70,"column":16}},"loc":{"start":{"line":70,"column":24},"end":{"line":73,"column":9}},"line":70},"7":{"name":"(anonymous_7)","decl":{"start":{"line":74,"column":17},"end":{"line":74,"column":18}},"loc":{"start":{"line":74,"column":23},"end":{"line":79,"column":9}},"line":74},"8":{"name":"(anonymous_8)","decl":{"start":{"line":83,"column":12},"end":{"line":83,"column":13}},"loc":{"start":{"line":83,"column":18},"end":{"line":115,"column":3}},"line":83},"9":{"name":"(anonymous_9)","decl":{"start":{"line":98,"column":12},"end":{"line":98,"column":13}},"loc":{"start":{"line":98,"column":27},"end":{"line":107,"column":7}},"line":98},"10":{"name":"(anonymous_10)","decl":{"start":{"line":108,"column":13},"end":{"line":108,"column":14}},"loc":{"start":{"line":108,"column":22},"end":{"line":111,"column":7}},"line":108},"11":{"name":"(anonymous_11)","decl":{"start":{"line":112,"column":15},"end":{"line":112,"column":16}},"loc":{"start":{"line":112,"column":21},"end":{"line":114,"column":7}},"line":112},"12":{"name":"(anonymous_12)","decl":{"start":{"line":118,"column":27},"end":{"line":118,"column":28}},"loc":{"start":{"line":118,"column":37},"end":{"line":122,"column":3}},"line":118},"13":{"name":"(anonymous_13)","decl":{"start":{"line":125,"column":21},"end":{"line":125,"column":22}},"loc":{"start":{"line":125,"column":32},"end":{"line":129,"column":3}},"line":125},"14":{"name":"(anonymous_14)","decl":{"start":{"line":157,"column":21},"end":{"line":157,"column":22}},"loc":{"start":{"line":157,"column":27},"end":{"line":157,"column":49}},"line":157},"15":{"name":"(anonymous_15)","decl":{"start":{"line":161,"column":26},"end":{"line":161,"column":27}},"loc":{"start":{"line":161,"column":40},"end":{"line":175,"column":11}},"line":161},"16":{"name":"(anonymous_16)","decl":{"start":{"line":194,"column":33},"end":{"line":194,"column":34}},"loc":{"start":{"line":194,"column":43},"end":{"line":209,"column":17}},"line":194},"17":{"name":"(anonymous_17)","decl":{"start":{"line":215,"column":27},"end":{"line":215,"column":28}},"loc":{"start":{"line":215,"column":47},"end":{"line":217,"column":13}},"line":215}},"branchMap":{"0":{"loc":{"start":{"line":42,"column":8},"end":{"line":48,"column":9}},"type":"if","locations":[{"start":{"line":42,"column":8},"end":{"line":48,"column":9}},{"start":{"line":45,"column":15},"end":{"line":48,"column":9}}],"line":42},"1":{"loc":{"start":{"line":58,"column":4},"end":{"line":80,"column":5}},"type":"if","locations":[{"start":{"line":58,"column":4},"end":{"line":80,"column":5}},{"start":{},"end":{}}],"line":58},"2":{"loc":{"start":{"line":62,"column":10},"end":{"line":68,"column":11}},"type":"if","locations":[{"start":{"line":62,"column":10},"end":{"line":68,"column":11}},{"start":{"line":65,"column":17},"end":{"line":68,"column":11}}],"line":62},"3":{"loc":{"start":{"line":86,"column":4},"end":{"line":95,"column":5}},"type":"if","locations":[{"start":{"line":86,"column":4},"end":{"line":95,"column":5}},{"start":{"line":93,"column":11},"end":{"line":95,"column":5}}],"line":86},"4":{"loc":{"start":{"line":86,"column":8},"end":{"line":86,"column":85}},"type":"binary-expr","locations":[{"start":{"line":86,"column":8},"end":{"line":86,"column":30}},{"start":{"line":86,"column":34},"end":{"line":86,"column":58}},{"start":{"line":86,"column":62},"end":{"line":86,"column":85}}],"line":86},"5":{"loc":{"start":{"line":88,"column":6},"end":{"line":92,"column":7}},"type":"if","locations":[{"start":{"line":88,"column":6},"end":{"line":92,"column":7}},{"start":{"line":90,"column":13},"end":{"line":92,"column":7}}],"line":88},"6":{"loc":{"start":{"line":99,"column":8},"end":{"line":106,"column":9}},"type":"if","locations":[{"start":{"line":99,"column":8},"end":{"line":106,"column":9}},{"start":{"line":103,"column":15},"end":{"line":106,"column":9}}],"line":99},"7":{"loc":{"start":{"line":132,"column":2},"end":{"line":134,"column":3}},"type":"if","locations":[{"start":{"line":132,"column":2},"end":{"line":134,"column":3}},{"start":{},"end":{}}],"line":132},"8":{"loc":{"start":{"line":137,"column":2},"end":{"line":143,"column":3}},"type":"if","locations":[{"start":{"line":137,"column":2},"end":{"line":143,"column":3}},{"start":{},"end":{}}],"line":137},"9":{"loc":{"start":{"line":200,"column":26},"end":{"line":202,"column":38}},"type":"cond-expr","locations":[{"start":{"line":201,"column":30},"end":{"line":201,"column":78}},{"start":{"line":202,"column":30},"end":{"line":202,"column":38}}],"line":200},"10":{"loc":{"start":{"line":218,"column":13},"end":{"line":224,"column":13}},"type":"cond-expr","locations":[{"start":{"line":219,"column":14},"end":{"line":221,"column":20}},{"start":{"line":223,"column":14},"end":{"line":223,"column":16}}],"line":218}},"s":{"0":4,"1":5,"2":5,"3":5,"4":5,"5":5,"6":5,"7":5,"8":5,"9":5,"10":5,"11":5,"12":5,"13":3,"14":1,"15":1,"16":1,"17":0,"18":0,"19":1,"20":1,"21":2,"22":3,"23":3,"24":1,"25":1,"26":1,"27":0,"28":0,"29":1,"30":1,"31":2,"32":2,"33":2,"34":2,"35":5,"36":3,"37":3,"38":0,"39":0,"40":0,"41":3,"42":3,"43":1,"44":1,"45":1,"46":1,"47":0,"48":0,"49":1,"50":1,"51":2,"52":5,"53":0,"54":0,"55":0,"56":5,"57":0,"58":0,"59":0,"60":5,"61":3,"62":2,"63":1,"64":1,"65":0,"66":3,"67":2,"68":3},"f":{"0":5,"1":3,"2":1,"3":1,"4":2,"5":1,"6":1,"7":2,"8":3,"9":1,"10":1,"11":2,"12":0,"13":0,"14":0,"15":3,"16":2,"17":3},"b":{"0":[1,0],"1":[3,0],"2":[1,0],"3":[0,3],"4":[3,0,0],"5":[0,0],"6":[1,0],"7":[3,2],"8":[1,1],"9":[0,2],"10":[0,1]},"_coverageSchema":"1a1c01bbd47fc00a2c39e90264f33305004495a9","hash":"4a0e1592cedef23086048eab9c949b1302d5d416"}
,"C:\\Users\\841748\\Projects\\plain-ui-react-course\\vikz-clothing-shop\\src\\routes\\AppRoutes\\AppRoutes.js": {"path":"C:\\Users\\841748\\Projects\\plain-ui-react-course\\vikz-clothing-shop\\src\\routes\\AppRoutes\\AppRoutes.js","statementMap":{"0":{"start":{"line":11,"column":17},"end":{"line":11,"column":74}},"1":{"start":{"line":11,"column":34},"end":{"line":11,"column":73}},"2":{"start":{"line":12,"column":20},"end":{"line":12,"column":83}},"3":{"start":{"line":12,"column":37},"end":{"line":12,"column":82}},"4":{"start":{"line":13,"column":22},"end":{"line":13,"column":89}},"5":{"start":{"line":13,"column":39},"end":{"line":13,"column":88}},"6":{"start":{"line":15,"column":18},"end":{"line":32,"column":1}},"7":{"start":{"line":16,"column":2},"end":{"line":31,"column":4}}},"fnMap":{"0":{"name":"(anonymous_0)","decl":{"start":{"line":11,"column":28},"end":{"line":11,"column":29}},"loc":{"start":{"line":11,"column":34},"end":{"line":11,"column":73}},"line":11},"1":{"name":"(anonymous_1)","decl":{"start":{"line":12,"column":31},"end":{"line":12,"column":32}},"loc":{"start":{"line":12,"column":37},"end":{"line":12,"column":82}},"line":12},"2":{"name":"(anonymous_2)","decl":{"start":{"line":13,"column":33},"end":{"line":13,"column":34}},"loc":{"start":{"line":13,"column":39},"end":{"line":13,"column":88}},"line":13},"3":{"name":"(anonymous_3)","decl":{"start":{"line":15,"column":18},"end":{"line":15,"column":19}},"loc":{"start":{"line":15,"column":24},"end":{"line":32,"column":1}},"line":15}},"branchMap":{},"s":{"0":2,"1":1,"2":2,"3":1,"4":2,"5":1,"6":2,"7":4},"f":{"0":1,"1":1,"2":1,"3":4},"b":{},"_coverageSchema":"1a1c01bbd47fc00a2c39e90264f33305004495a9","hash":"c27cfd390fabf76ddd061adca91fc4152ce1b14c"}
}
